<?xml version="1.0" encoding="UTF-8"?>
<!-- Generated by org.testng.reporters.JUnitXMLReporter -->
<testsuite ignored="0" hostname="LAPTOP-RV7UN5T4" failures="0" tests="6" name="Surefire test" time="0.08" errors="0" timestamp="2025-11-07T16:03:19 IST">
  <testcase classname="com.webshop.crm.product.OrganizationTest" name="DeleteOrgTest" time="0.008"/>
  <testcase classname="com.webshop.crm.product.OrganizationTest" name="createOrgTest" time="0.0"/>
  <testcase classname="com.webshop.crm.product.OrganizationTest" name="modifyOrgTest" time="0.0"/>
  <testcase classname="Contact.ContactTest" name="DeleteContactTest" time="0.0"/>
  <testcase classname="Contact.ContactTest" name="createContactTest" time="0.0"/>
  <testcase classname="Contact.ContactTest" name="modifyContactTest" time="0.001"/>
</testsuite> <!-- Surefire test -->
