<?xml version="1.0" encoding="UTF-8"?>
<!-- Generated by org.testng.reporters.JUnitXMLReporter -->
<testsuite ignored="4" hostname="LAPTOP-RV7UN5T4" failures="0" tests="2" name="Test" time="0.058" errors="0" timestamp="2025-11-11T10:41:22 IST">
  <testcase classname="com.webshop.crm.product.OrganizationTest" name="modifyOrgTest" time="0.007"/>
  <testcase classname="Contact.ContactTest" name="modifyContactTest" time="0.0"/>
  <testcase classname="com.webshop.crm.product.OrganizationTest" name="DeleteOrgTest" time="0.0">
    <ignored/>
  </testcase> <!-- DeleteOrgTest -->
  <testcase classname="Contact.ContactTest" name="DeleteContactTest" time="0.0">
    <ignored/>
  </testcase> <!-- DeleteContactTest -->
  <testcase classname="com.webshop.crm.product.OrganizationTest" name="createOrgTest" time="0.0">
    <ignored/>
  </testcase> <!-- createOrgTest -->
  <testcase classname="Contact.ContactTest" name="createContactTest" time="0.0">
    <ignored/>
  </testcase> <!-- createContactTest -->
</testsuite> <!-- Test -->
