<?xml version="1.0" encoding="UTF-8"?>
<testng-results ignored="4" total="6" passed="2" failed="0" skipped="0">
  <reporter-output>
  </reporter-output>
  <suite started-at="2025-11-11T10:41:21 IST" name="Suite" finished-at="2025-11-11T10:41:22 IST" duration-ms="58">
    <groups>
      <group name="RegressionTest">
        <method signature="ContactTest.modifyContactTest()[pri:0, instance:Contact.ContactTest@42e99e4a]" name="modifyContactTest" class="Contact.ContactTest"/>
        <method signature="OrganizationTest.modifyOrgTest()[pri:0, instance:com.webshop.crm.product.OrganizationTest@795cd85e]" name="modifyOrgTest" class="com.webshop.crm.product.OrganizationTest"/>
      </group> <!-- RegressionTest -->
    </groups>
    <test started-at="2025-11-11T10:41:21 IST" name="Test" finished-at="2025-11-11T10:41:22 IST" duration-ms="58">
      <class name="com.webshop.crm.product.OrganizationTest">
        <test-method signature="modifyOrgTest()[pri:0, instance:com.webshop.crm.product.OrganizationTest@795cd85e]" started-at="2025-11-11T10:41:21 IST" name="modifyOrgTest" finished-at="2025-11-11T10:41:22 IST" duration-ms="7" status="PASS">
          <reporter-output>
          </reporter-output>
        </test-method> <!-- modifyOrgTest -->
      </class> <!-- com.webshop.crm.product.OrganizationTest -->
      <class name="Contact.ContactTest">
        <test-method signature="modifyContactTest()[pri:0, instance:Contact.ContactTest@42e99e4a]" started-at="2025-11-11T10:41:22 IST" name="modifyContactTest" finished-at="2025-11-11T10:41:22 IST" duration-ms="0" status="PASS">
          <reporter-output>
          </reporter-output>
        </test-method> <!-- modifyContactTest -->
      </class> <!-- Contact.ContactTest -->
    </test> <!-- Test -->
  </suite> <!-- Suite -->
</testng-results>
